0 info it worked if it ends with ok
1 verbose cli [ 'C:\\Program Files\\nodejs\\node.exe',
1 verbose cli   'C:\\Program Files\\nodejs\\node_modules\\npm\\bin\\npm-cli.js',
1 verbose cli   'run',
1 verbose cli   'build:all' ]
2 info using npm@3.10.10
3 info using node@v6.11.0
4 verbose run-script [ 'prebuild:all', 'build:all', 'postbuild:all' ]
5 info lifecycle text-zoom-event@1.0.2~prebuild:all: text-zoom-event@1.0.2
6 silly lifecycle text-zoom-event@1.0.2~prebuild:all: no script for prebuild:all, continuing
7 info lifecycle text-zoom-event@1.0.2~build:all: text-zoom-event@1.0.2
8 verbose lifecycle text-zoom-event@1.0.2~build:all: unsafe-perm in lifecycle true
9 verbose lifecycle text-zoom-event@1.0.2~build:all: PATH: C:\Program Files\nodejs\node_modules\npm\bin\node-gyp-bin;C:\project3\text-zoom-resize\node_modules\.bin;~\winhome\Dropbox\bin\win7\;~\winhome\Dropbox\bin\macosx\;C:\cygwin64\usr\local\bin;C:\cygwin64\bin;C:\ProgramData\Oracle\Java\javapath;C:\Program Files\Common Files\Microsoft Shared\Windows Live;C:\Program Files (x86)\Common Files\Microsoft Shared\Windows Live;C:\WINDOWS\system32;C:\WINDOWS;C:\WINDOWS\System32\Wbem;C:\WINDOWS\System32\WindowsPowerShell\v1.0;C:\cygwin\bin;C:\Program Files (x86)\Calibre2;C:\Program Files (x86)\GNU\GnuPG\pub;C:\Program Files (x86)\Git\cmd;C:\Program Files (x86)\Windows Live\Shared;C:\Program Files (x86)\QuickTime\QTSystem;C:\Program Files (x86)\SIL\FontUtils;C:\FDK\FDK\Tools\SharedData\FDKScripts;C:\Program Files\SourceGear\Common\DiffMerge;C:\wamp64\bin\php\php5.6.25;C:\ProgramData\ComposerSetup\bin;C:\Program
9 verbose lifecycle Files\gs\gs8.54\lib;C:\Program
9 verbose lifecycle Files\gs\gs8.54\bin;C:\Program Files\nodejs;C:\strawberry\c\bin;C:\strawberry\perl\site\bin;C:\strawberry\perl\bin;C:\WINDOWS\System32\OpenSSH;C:\Program Files (x86)\Nmap;C:\Program Files (x86)\Kakadu;C:\Users\zoltan\AppData\Local\Microsoft\WindowsApps;C:\Users\zoltan\AppData\Roaming\Composer\vendor\bin;C:\Users\zoltan\AppData\Roaming\npm;C:\Program Files\Microsoft VS Code\bin;C:\Strawberry\perl\bin
10 verbose lifecycle text-zoom-event@1.0.2~build:all: CWD: C:\project3\text-zoom-resize
11 silly lifecycle text-zoom-event@1.0.2~build:all: Args: [ '/d /s /c', 'npm run build; npm run build:prod' ]
12 silly lifecycle text-zoom-event@1.0.2~build:all: Returned: code: 1  signal: null
13 info lifecycle text-zoom-event@1.0.2~build:all: Failed to exec build:all script
14 verbose stack Error: text-zoom-event@1.0.2 build:all: `npm run build; npm run build:prod`
14 verbose stack Exit status 1
14 verbose stack     at EventEmitter.<anonymous> (C:\Program Files\nodejs\node_modules\npm\lib\utils\lifecycle.js:255:16)
14 verbose stack     at emitTwo (events.js:106:13)
14 verbose stack     at EventEmitter.emit (events.js:191:7)
14 verbose stack     at ChildProcess.<anonymous> (C:\Program Files\nodejs\node_modules\npm\lib\utils\spawn.js:40:14)
14 verbose stack     at emitTwo (events.js:106:13)
14 verbose stack     at ChildProcess.emit (events.js:191:7)
14 verbose stack     at maybeClose (internal/child_process.js:891:16)
14 verbose stack     at Process.ChildProcess._handle.onexit (internal/child_process.js:226:5)
15 verbose pkgid text-zoom-event@1.0.2
16 verbose cwd C:\project3\text-zoom-resize
17 error Windows_NT 10.0.17134
18 error argv "C:\\Program Files\\nodejs\\node.exe" "C:\\Program Files\\nodejs\\node_modules\\npm\\bin\\npm-cli.js" "run" "build:all"
19 error node v6.11.0
20 error npm  v3.10.10
21 error code ELIFECYCLE
22 error text-zoom-event@1.0.2 build:all: `npm run build; npm run build:prod`
22 error Exit status 1
23 error Failed at the text-zoom-event@1.0.2 build:all script 'npm run build; npm run build:prod'.
23 error Make sure you have the latest version of node.js and npm installed.
23 error If you do, this is most likely a problem with the text-zoom-event package,
23 error not with npm itself.
23 error Tell the author that this fails on your system:
23 error     npm run build; npm run build:prod
23 error You can get information on how to open an issue for this project with:
23 error     npm bugs text-zoom-event
23 error Or if that isn't available, you can get their info via:
23 error     npm owner ls text-zoom-event
23 error There is likely additional logging output above.
24 verbose exit [ 1, true ]
